<?xml version="1.0" encoding="UTF-8"?>
<testsuite name="blakenerdway.applehealthconverter.scala.CVSTestSuite" tests="0" skipped="0" failures="0" errors="0" timestamp="1970-01-01T00:00:00" hostname="DESKTOP-NHTUVHP" time="0.0">
  <properties/>
  <system-out><![CDATA[MD5 checksum: d4f522dd21e6968038089cfacace0221, compare to: D4F522DD21E6968038089CFACACE0221
MD5 checksum: 66f81052d38d63410b96d5121626ea69, compare to: 66F81052D38D63410B96D5121626EA69
]]></system-out>
  <system-err><![CDATA[]]></system-err>
</testsuite>
